2025-07-28 15:21:21 - INFO - This is a test log message.
2025-07-28 15:23:11 - INFO - *****Test_001_login********
2025-07-28 15:23:11 - INFO - *****Verifying Home Page Title********
2025-07-28 15:23:14 - INFO - *****Home Page title is passed********
2025-07-28 15:23:15 - INFO - *****Verifying the login test********
2025-07-28 15:23:18 - ERROR - *****Login test title is failed********
2025-07-28 15:53:14 - INFO - *****Test_001_login********
2025-07-28 15:53:14 - INFO - *****Verifying Home Page Title********
2025-07-28 15:53:19 - INFO - *****Home Page title is passed********
2025-07-28 15:53:21 - INFO - *****Verifying the login test********
2025-07-28 15:53:35 - ERROR - *****Login test title is failed********
2025-07-28 15:53:55 - INFO - *****Test_001_login********
2025-07-28 15:53:55 - INFO - *****Verifying Home Page Title********
2025-07-28 15:53:57 - INFO - *****Home Page title is passed********
2025-07-28 15:53:59 - INFO - *****Verifying the login test********
2025-07-28 17:43:46 - INFO - *****Verifying the login test********
2025-07-28 17:43:46 - INFO - *****Test_001_login********
2025-07-28 17:43:46 - INFO - *****Verifying Home Page Title********
2025-07-28 17:43:50 - ERROR - *****Login test title is failed********
2025-07-28 17:43:51 - INFO - *****Home Page title is passed********
2025-07-28 17:44:49 - INFO - *****Verifying the login test********
2025-07-28 17:44:49 - INFO - *****Test_001_login********
2025-07-28 17:44:49 - INFO - *****Verifying Home Page Title********
2025-07-28 17:44:51 - INFO - *****Home Page title is passed********
2025-07-28 17:44:53 - INFO - *****Login test title is passed********
2025-07-28 17:48:10 - INFO - *****Test_001_login********
2025-07-28 17:48:10 - INFO - *****Verifying Home Page Title********
2025-07-28 17:48:10 - INFO - *****Verifying the login test********
2025-07-28 17:48:12 - INFO - *****Home Page title is passed********
2025-07-28 17:48:15 - ERROR - *****Login test title is failed********
2025-07-28 18:03:00 - INFO - *****Test_001_login********
2025-07-28 18:03:00 - INFO - *****Verifying Home Page Title********
2025-07-28 18:03:00 - INFO - *****Verifying the login test********
2025-07-28 18:03:02 - INFO - *****Home Page title is passed********
2025-07-28 18:03:04 - INFO - *****Login test title is passed********
2025-07-28 18:07:04 - INFO - *****Verifying the login test********
2025-07-28 18:07:04 - INFO - *****Test_001_login********
2025-07-28 18:07:04 - INFO - *****Verifying Home Page Title********
2025-07-28 18:07:06 - INFO - *****Home Page title is passed********
2025-07-28 18:07:09 - INFO - *****Login test title is passed********
2025-07-28 18:09:03 - INFO - *****Verifying the login test********
2025-07-28 18:09:03 - INFO - *****Test_001_login********
2025-07-28 18:09:03 - INFO - *****Verifying Home Page Title********
2025-07-28 18:09:18 - INFO - *****Home Page title is passed********
2025-07-28 18:09:18 - INFO - *****Login test title is passed********
2025-07-28 19:39:02 - INFO - *****Verifying the login test********
2025-07-28 19:39:02 - INFO - *****Verifying the login test********
2025-07-28 19:39:11 - INFO - *****passed********
2025-07-28 19:39:17 - INFO - *****passed********
2025-07-28 19:39:22 - INFO - *****passed********
2025-07-28 19:39:28 - INFO - *****passed********
2025-07-28 19:39:28 - INFO - ****Login DDT test passed*****
2025-07-30 14:37:19 - INFO - *********TEst_003_AddCustomer
2025-07-30 14:37:21 - INFO - ******Login Successful*******
2025-07-30 14:37:21 - INFO - *******Starting Add Customer Test**********
2025-07-30 14:45:11 - INFO - *********TEst_003_AddCustomer
2025-07-30 14:45:14 - INFO - ******Login Successful*******
2025-07-30 14:45:14 - INFO - *******Starting Add Customer Test**********
2025-07-30 14:47:00 - INFO - *********TEst_003_AddCustomer
2025-07-30 14:47:03 - INFO - ******Login Successful*******
2025-07-30 14:47:03 - INFO - *******Starting Add Customer Test**********
2025-07-30 14:48:38 - INFO - *********TEst_003_AddCustomer
2025-07-30 14:48:43 - INFO - ******Login Successful*******
2025-07-30 14:48:43 - INFO - *******Starting Add Customer Test**********
2025-07-30 14:49:31 - INFO - *********TEst_003_AddCustomer
2025-07-30 14:49:34 - INFO - ******Login Successful*******
2025-07-30 14:49:34 - INFO - *******Starting Add Customer Test**********
2025-07-30 14:50:19 - INFO - *********TEst_003_AddCustomer
2025-07-30 14:50:24 - INFO - ******Login Successful*******
2025-07-30 14:50:24 - INFO - *******Starting Add Customer Test**********
2025-07-30 14:50:32 - INFO - ******Provide customer details*******
2025-07-30 14:57:40 - INFO - *********TEst_003_AddCustomer
2025-07-30 14:57:44 - INFO - ******Login Successful*******
2025-07-30 14:57:44 - INFO - *******Starting Add Customer Test**********
2025-07-30 14:57:51 - INFO - ******Provide customer details*******
2025-07-30 14:59:07 - INFO - *********TEst_003_AddCustomer
2025-07-30 14:59:11 - INFO - ******Login Successful*******
2025-07-30 14:59:11 - INFO - *******Starting Add Customer Test**********
2025-07-30 14:59:27 - INFO - ******Provide customer details*******
2025-07-30 15:00:15 - INFO - *********TEst_003_AddCustomer
2025-07-30 15:00:19 - INFO - ******Login Successful*******
2025-07-30 15:00:19 - INFO - *******Starting Add Customer Test**********
2025-07-30 15:00:26 - INFO - ******Provide customer details*******
2025-07-30 15:01:38 - INFO - *********TEst_003_AddCustomer
2025-07-30 15:01:43 - INFO - ******Login Successful*******
2025-07-30 15:01:43 - INFO - *******Starting Add Customer Test**********
2025-07-30 15:01:50 - INFO - ******Provide customer details*******
2025-07-30 15:05:52 - INFO - *********TEst_003_AddCustomer
2025-07-30 15:05:55 - INFO - ******Login Successful*******
2025-07-30 15:05:55 - INFO - *******Starting Add Customer Test**********
2025-07-30 15:06:04 - INFO - ******Provide customer details*******
2025-07-30 15:07:46 - INFO - *********TEst_003_AddCustomer
2025-07-30 15:07:49 - INFO - ******Login Successful*******
2025-07-30 15:07:49 - INFO - *******Starting Add Customer Test**********
2025-07-30 15:07:58 - INFO - ******Provide customer details*******
2025-07-30 15:17:13 - INFO - *********TEst_003_AddCustomer
2025-07-30 15:17:19 - INFO - ******Login Successful*******
2025-07-30 15:17:19 - INFO - *******Starting Add Customer Test**********
2025-07-30 15:17:26 - INFO - ******Provide customer details*******
2025-07-30 15:20:35 - INFO - *********TEst_003_AddCustomer
2025-07-30 15:20:38 - INFO - ******Login Successful*******
2025-07-30 15:20:38 - INFO - *******Starting Add Customer Test**********
2025-07-30 15:20:46 - INFO - ******Provide customer details*******
2025-07-30 15:23:51 - INFO - *********TEst_003_AddCustomer
2025-07-30 15:23:55 - INFO - ******Login Successful*******
2025-07-30 15:23:55 - INFO - *******Starting Add Customer Test**********
2025-07-30 15:24:02 - INFO - ******Provide customer details*******
2025-07-30 15:25:15 - INFO - *********TEst_003_AddCustomer
2025-07-30 15:25:17 - INFO - ******Login Successful*******
2025-07-30 15:25:17 - INFO - *******Starting Add Customer Test**********
2025-07-30 15:25:25 - INFO - ******Provide customer details*******
2025-07-30 15:26:49 - INFO - *********TEst_003_AddCustomer
2025-07-30 15:26:51 - INFO - ******Login Successful*******
2025-07-30 15:26:51 - INFO - *******Starting Add Customer Test**********
2025-07-30 15:27:36 - INFO - *********TEst_003_AddCustomer
2025-07-30 15:27:39 - INFO - ******Login Successful*******
2025-07-30 15:27:39 - INFO - *******Starting Add Customer Test**********
2025-07-30 15:27:48 - INFO - ******Provide customer details*******
2025-07-31 11:27:40 - INFO - *********TEst_003_AddCustomer
2025-07-31 11:27:43 - INFO - ******Login Successful*******
2025-07-31 11:27:43 - INFO - *******Starting Add Customer Test**********
2025-07-31 11:27:44 - INFO - *****Test_001_login********
2025-07-31 11:27:44 - INFO - *****Verifying Home Page Title********
2025-07-31 11:27:46 - INFO - *****Home Page title is passed********
2025-07-31 11:28:52 - INFO - *********TEst_003_AddCustomer
2025-07-31 11:28:55 - INFO - ******Login Successful*******
2025-07-31 11:28:55 - INFO - *******Starting Add Customer Test**********
2025-07-31 11:29:12 - INFO - ******Provide customer details*******
2025-07-31 11:29:24 - INFO - *****Test_001_login********
2025-07-31 11:29:24 - INFO - *****Verifying Home Page Title********
2025-07-31 11:29:26 - INFO - *****Home Page title is passed********
2025-07-31 11:30:44 - INFO - *********TEst_003_AddCustomer
2025-07-31 11:30:48 - INFO - ******Login Successful*******
2025-07-31 11:30:48 - INFO - *******Starting Add Customer Test**********
2025-07-31 11:31:04 - INFO - ******Provide customer details*******
2025-07-31 11:31:16 - INFO - *****Test_001_login********
2025-07-31 11:31:16 - INFO - *****Verifying Home Page Title********
2025-07-31 11:31:18 - INFO - *****Home Page title is passed********
2025-07-31 11:46:00 - INFO - *********TEst_003_AddCustomer
2025-07-31 11:46:04 - INFO - ******Login Successful*******
2025-07-31 11:46:04 - INFO - *******Starting Add Customer Test**********
2025-07-31 11:46:20 - INFO - ******Provide customer details*******
2025-07-31 11:46:33 - INFO - *****Test_001_login********
2025-07-31 11:46:33 - INFO - *****Verifying Home Page Title********
2025-07-31 11:46:35 - INFO - *****Home Page title is passed********
